<<<<<<< HEAD
<?xml version="1.0" encoding="UTF-8" ?>
<testsuite tests="1" failures="0" name="com.learning.challenge.AppTest" time="0.003" errors="0" skipped="0">
  <properties>
    <property name="jansi.mode" value="strip"/>
=======
<?xml version="1.0" encoding="UTF-8" ?>
<testsuite tests="1" failures="0" name="com.learning.challenge.AppTest" time="0.002" errors="0" skipped="0">
  <properties>
>>>>>>> f4057c49296405e8d39733d095f2ace084f59623
    <property name="java.runtime.name" value="Java(TM) SE Runtime Environment"/>
    <property name="java.vm.version" value="17.0.3.1+2-LTS-6"/>
    <property name="sun.boot.library.path" value="C:\Program Files\Java\jdk-17.0.3.1\bin"/>
    <property name="maven.multiModuleProjectDirectory" value="C:\Users\095054\Documents\JavaSpringBoot\Sesi_09\DemoChallenge"/>
    <property name="java.vm.vendor" value="Oracle Corporation"/>
    <property name="java.vendor.url" value="https://java.oracle.com/"/>
    <property name="guice.disable.misplaced.annotation.check" value="true"/>
    <property name="path.separator" value=";"/>
    <property name="java.vm.name" value="Java HotSpot(TM) 64-Bit Server VM"/>
    <property name="sun.os.patch.level" value=""/>
    <property name="user.script" value=""/>
    <property name="user.country" value="ID"/>
    <property name="sun.java.launcher" value="SUN_STANDARD"/>
    <property name="java.vm.specification.name" value="Java Virtual Machine Specification"/>
    <property name="user.dir" value="C:\Users\095054\Documents\JavaSpringBoot\Sesi_09\DemoChallenge"/>
    <property name="java.vm.compressedOopsMode" value="32-bit"/>
    <property name="java.runtime.version" value="17.0.3.1+2-LTS-6"/>
    <property name="os.arch" value="amd64"/>
    <property name="java.io.tmpdir" value="C:\Users\095054\AppData\Local\Temp\"/>
<<<<<<< HEAD
    <property name="line.separator" value="
=======
    <property name="line.separator" value="
>>>>>>> f4057c49296405e8d39733d095f2ace084f59623
"/>
    <property name="java.vm.specification.vendor" value="Oracle Corporation"/>
    <property name="user.variant" value=""/>
    <property name="os.name" value="Windows 11"/>
<<<<<<< HEAD
    <property name="classworlds.conf" value="C:\Users\095054\eclipse-workspace\.metadata\.plugins\org.eclipse.m2e.launching\launches\m2conf11645950374774677069.tmp"/>
    <property name="sun.jnu.encoding" value="Cp1252"/>
    <property name="java.library.path" value="C:\Program Files\Java\jdk-17.0.3.1\bin;C:\windows\Sun\Java\bin;C:\windows\system32;C:\windows;C:/Program Files/Java/jdk-17.0.3.1/bin/server;C:/Program Files/Java/jdk-17.0.3.1/bin;C:\windows\system32;C:\windows;C:\windows\System32\Wbem;C:\windows\System32\WindowsPowerShell\v1.0\;C:\windows\System32\OpenSSH\;C:\Program Files\Microsoft VS Code\bin;C:\Program Files\Git\cmd;C:\Users\095054\AppData\Local\Microsoft\WindowsApps;C:\Java\apache-maven-3.8.6\bin;C:\Program Files\Java\jdk-17.0.3.1\bin;;C:\Users\095054\eclipse\java-2022-03\eclipse;;."/>
=======
    <property name="classworlds.conf" value="C:\Java\apache-maven-3.8.6\bin\m2.conf"/>
    <property name="sun.jnu.encoding" value="Cp1252"/>
    <property name="java.library.path" value="C:\Program Files\Java\jdk-17.0.3.1\bin;C:\windows\Sun\Java\bin;C:\windows\system32;C:\windows;C:\windows\system32;C:\windows;C:\windows\System32\Wbem;C:\windows\System32\WindowsPowerShell\v1.0\;C:\windows\System32\OpenSSH\;C:\Program Files\Microsoft VS Code\bin;C:\Program Files\Git\cmd;C:\Users\095054\AppData\Local\Microsoft\WindowsApps;C:\Java\apache-maven-3.8.6\bin;C:\Program Files\Java\jdk-17.0.3.1\bin;;."/>
    <property name="maven.conf" value="C:\Java\apache-maven-3.8.6/conf"/>
>>>>>>> f4057c49296405e8d39733d095f2ace084f59623
    <property name="jdk.debug" value="release"/>
    <property name="java.class.version" value="61.0"/>
    <property name="java.specification.name" value="Java Platform API Specification"/>
    <property name="sun.management.compiler" value="HotSpot 64-Bit Tiered Compilers"/>
    <property name="os.version" value="10.0"/>
<<<<<<< HEAD
=======
    <property name="library.jansi.path" value="C:\Java\apache-maven-3.8.6\lib\jansi-native"/>
>>>>>>> f4057c49296405e8d39733d095f2ace084f59623
    <property name="user.home" value="C:\Users\095054"/>
    <property name="user.timezone" value="Asia/Jakarta"/>
    <property name="file.encoding" value="Cp1252"/>
    <property name="java.specification.version" value="17"/>
    <property name="user.name" value="095054"/>
<<<<<<< HEAD
    <property name="java.class.path" value="C:\Users\095054\.p2\pool\plugins\org.eclipse.m2e.maven.runtime_1.18.3.20220227-1319\jars\plexus-classworlds-2.6.0.jar"/>
    <property name="java.vm.specification.version" value="17"/>
    <property name="sun.arch.data.model" value="64"/>
    <property name="sun.java.command" value="org.codehaus.plexus.classworlds.launcher.Launcher -B install"/>
=======
    <property name="java.class.path" value="C:\Java\apache-maven-3.8.6\boot\plexus-classworlds-2.6.0.jar"/>
    <property name="java.vm.specification.version" value="17"/>
    <property name="sun.arch.data.model" value="64"/>
    <property name="sun.java.command" value="org.codehaus.plexus.classworlds.launcher.Launcher install"/>
>>>>>>> f4057c49296405e8d39733d095f2ace084f59623
    <property name="java.home" value="C:\Program Files\Java\jdk-17.0.3.1"/>
    <property name="user.language" value="en"/>
    <property name="java.specification.vendor" value="Oracle Corporation"/>
    <property name="java.vm.info" value="mixed mode, sharing"/>
    <property name="java.version" value="17.0.3.1"/>
    <property name="native.encoding" value="Cp1252"/>
    <property name="java.vendor" value="Oracle Corporation"/>
<<<<<<< HEAD
    <property name="maven.home" value="C:\Users\095054\Documents\JavaSpringBoot\Sesi_09\DemoChallenge\EMBEDDED"/>
=======
    <property name="sun.stderr.encoding" value="cp437"/>
    <property name="maven.home" value="C:\Java\apache-maven-3.8.6"/>
>>>>>>> f4057c49296405e8d39733d095f2ace084f59623
    <property name="file.separator" value="\"/>
    <property name="java.version.date" value="2022-04-22"/>
    <property name="java.vendor.url.bug" value="https://bugreport.java.com/bugreport/"/>
    <property name="sun.io.unicode.encoding" value="UnicodeLittle"/>
    <property name="sun.cpu.endian" value="little"/>
<<<<<<< HEAD
    <property name="sun.cpu.isalist" value="amd64"/>
  </properties>
  <testcase classname="com.learning.challenge.AppTest" name="testApp" time="0.003"/>
=======
    <property name="sun.stdout.encoding" value="cp437"/>
    <property name="sun.cpu.isalist" value="amd64"/>
  </properties>
  <testcase classname="com.learning.challenge.AppTest" name="testApp" time="0.002"/>
>>>>>>> f4057c49296405e8d39733d095f2ace084f59623
</testsuite>